     1                                  ; hello-os
     2                                  ; TAB=4
     3                                  
     4                                  BITS 16
     5                                  ; bootloader
     6                                  CYLS	EQU	10	
     7                                  	
     8                                  	ORG	0x7c00
     9                                  	
    10 00000000 EB69                    	JMP	entry
    11 00000002 90                      	NOP
    12                                  
    13 00000003 48415249424F5445        	DB	"HARIBOTE"
    14 0000000B 0002                    	DW	0x200
    15 0000000D 01                      	DB	0x01
    16 0000000E 0100                    	DW	0x0001
    17 00000010 02                      	DB	0x02
    18 00000011 0000                    	DW	0x0000
    19 00000013 0000                    	DW	0x0000
    20 00000015 F8                      	DB	0xf8
    21 00000016 0000                    	DW	0x0000
    22 00000018 FFFF                    	DW	0xffff
    23 0000001A 0100                    	DW	0x0001
    24 0000001C 00000000                	DD	0x00000000
    25 00000020 0050EE00                	DD	0x00ee5000
    26 00000024 ED000000                	DD	0x000000ed
    27 00000028 0000                    	DW	0x0000
    28 0000002A 0000                    	DW	0x0000
    29 0000002C 00000000                	DD	0x00000000
    30 00000030 0100                    	DW	0x0001
    31 00000032 0000                    	DW	0x0000
    32 00000034 00<rept>                		times	12	DB 0
    33 00000040 80                      	DB	0x80
    34 00000041 00                      	DB	0x00
    35 00000042 29                      	DB	0x29
    36 00000043 5C610A0A                	DD	0xa0a615c
    37 00000047 49534849484120424F-     	DB	"ISHIHA BOOT"
    37 00000050 4F54               
    38 00000052 4641543332202020        	DB	"FAT32   "
    39                                  
    40                                  drv:
    41 0000005A 80                      	DB	0x80
    42                                  DAPS:
    43 0000005B 10                      	DB	0x10
    44 0000005C 00                      	DB	0
    45 0000005D 01                      	DB	1
    46 0000005E 00                      	DB	0
    47                                  addr:
    48 0000005F 0080                    	DW	0x8000
    49                                  segm:
    50 00000061 0000                    	DW	0x0000
    51                                  lba0:
    52 00000063 01000000                	DD	1
    53 00000067 00000000                	DD	0
    54                                  entry:
    55 0000006B FA                      	CLI
    56                                  
    57 0000006C B80000                  	MOV	AX,0
    58 0000006F 8ED8                    	MOV	DS,AX
    59 00000071 8ED0                    	MOV	SS,AX
    60 00000073 8EC0                    	MOV	ES,AX
    61 00000075 89C3                    	MOV	BX,AX
    62 00000077 89C1                    	MOV	CX,AX
    63 00000079 BC007C                  	MOV	SP,0x7c00
    64                                  
    65                                  prepare:
    66 0000007C FB                      	STI
    67 0000007D 8816[5A00]              	MOV [drv],DL
    68 00000081 B441                    	MOV	AH,0x41
    69 00000083 BBAA55                  	MOV	word bx, 0x55aa
    70 00000086 CD13                    	INT	0x13
    71 00000088 0F82E900                	JC	unsupported
    72 0000008C 31C0                    	XOR	ax,ax
    73 0000008E 83C001                  	ADD	ax,1
    74 00000091 6631FF                  	XOR	EDI,EDI
    75                                  	
    76 00000094 B445                    	MOV	AH,0x45
    77 00000096 B001                    	MOV	AL,0x01
    78 00000098 B280                    	MOV	DL,0x80
    79 0000009A CD13                    	INT	0x13
    80                                  
    81 0000009C B80000                  	MOV	AX,0
    82 0000009F 8ED8                    	MOV	DS,AX
    83                                  
    84                                  loop:
    85 000000A1 B100                    	MOV CL,0
    86                                  
    87                                  retry:
    88                                  
    89 000000A3 1E                      	PUSH	DS
    90 000000A4 6660                    	PUSHAD
    91 000000A6 8A16[5A00]              	MOV	DL,[drv]
    92 000000AA B442                    	MOV	AH,0x42
    93 000000AC B000                    	MOV	AL,0x00
    94 000000AE BE[5B00]                	MOV	SI,DAPS
    95 000000B1 CD13                    	INT	0x13
    96 000000B3 7310                    	JNC	next
    97                                  
    98 000000B5 80C101                  	ADD	CL,1
    99 000000B8 B290                    	MOV	DL,0x90
   100 000000BA B400                    	MOV	AH,0x00
   101 000000BC CD13                    	INT	0x13
   102 000000BE 80F906                  	CMP	CL,6
   103 000000C1 7379                    	JAE	error
   104 000000C3 EBDE                    	JMP	retry
   105                                  
   106                                  next:
   107 000000C5 6631C0                  	XOR	EAX,EAX	
   108 000000C8 6631DB                  	XOR	EBX,EBX	
   109 000000CB 6631C9                  	XOR	ECX,ECX	
   110                                  
   111 000000CE 6683C701                	ADD	EDI,1
   112 000000D2 66B9[63000000]          	MOV	ECX,lba0
   113 000000D8 66678939                	MOV[ECX],EDI
   114                                  
   115 000000DC 6631C0                  	XOR	EAX,EAX
   116 000000DF 6631C9                  	XOR	ECX,ECX
   117 000000E2 6631ED                  	XOR	EBP,EBP
   118                                  
   119 000000E5 A1[5F00]                	MOV	AX,[addr]
   120 000000E8 66B9[5F000000]          	MOV	ECX,addr
   121 000000EE 66BB[61000000]          	MOV	EBX,segm
   122 000000F4 050002                  	ADD	AX,0x200
   123 000000F7 83D500                  	ADC	BP,0
   124 000000FA C1E50C                  	SHL	BP,12
   125 000000FD 032E[6100]              	ADD	BP,[segm]
   126 00000101 67892B                  	MOV	[EBX],BP
   127                                  
   128 00000104 678901                  	MOV	[ECX],AX
   129 00000107 67892B                  	MOV	[EBX],BP
   130                                  
   131 0000010A 6681FF6A010000          	CMP	EDI,0x16a
   132 00000111 728E                    	JB	loop
   133                                  
   134 00000113 66B900C20000            	MOV	ECX, 0xc200
   135                                  
   136 00000119 66B800000000            	MOV	EAX	,0x0000
   137 0000011F 6689C3                  	MOV	EBX,EAX
   138 00000122 6689C2                  	MOV	EDX,EAX
   139 00000125 6689C5                  	MOV	EBP,EAX
   140 00000128 6689C6                  	MOV	ESI,EAX
   141 0000012B 6689C7                  	MOV	EDI,EAX
   142                                  	
   143 0000012E B50A                    	MOV	CH,10
   144 00000130 882EF00F                	MOV	[0x0ff0],CH
   145                                  
   146 00000134 6689C1                  	MOV	ECX,EAX
   147 00000137 EA00C20000              	JMP	0x0000:0xc200
   148                                  
   149                                  error:
   150 0000013C 6661                    	POPAD
   151 0000013E 1F                      	POP	DS
   152 0000013F BE[5801]                	MOV	SI,msg
   153                                  
   154                                  putloop:
   155 00000142 8A04                    	MOV AL,[SI]
   156 00000144 83C601                  	ADD	SI,1
   157 00000147 3C00                    	CMP AL,0
   158 00000149 7409                    	JE	fin
   159 0000014B B40E                    	MOV	AH,0x0e
   160                                  
   161 0000014D BB0000                  	MOV	BX,0
   162 00000150 CD10                    	INT	0x10
   163 00000152 EBEE                    	JMP	putloop
   164                                  
   165                                  
   166                                  fin:
   167 00000154 F4                      	HLT
   168 00000155 E9(00C2)                	JMP	0xc200
   169                                  
   170                                  
   171                                  msg:
   172 00000158 0A0A                    	DB	0x0a,0x0a
   173 0000015A 6C6F6164206572726F-     	DB	"load error"
   173 00000163 72                 
   174 00000164 0A                      	DB	0x0a
   175 00000165 00                      	DB	0
   176                                  
   177                                  msg1:
   178 00000166 0A0A                    	DB	0x0a,0x0a
   179 00000168 756E737570706F7274-     	DB	"unsupported"
   179 00000171 6564               
   180 00000173 0A                      	DB	0x0a
   181 00000174 00                      	DB	0
   182                                  
   183                                  unsupported:
   184 00000175 BE[6601]                	MOV	SI,msg1
   185 00000178 EBC8                    	JMP	putloop
   186                                  
   187                                  
   188                                  
   189                                  
   190                                  
   191 0000017A <res 00000084>          	RESB	0x84
   191          ******************       warning: uninitialized space declared in .text section: zeroing [-w+other]
   192                                  
   193 000001FE 55AA                    	DB		0x55, 0xaa
   194                                  
   195                                  
   196                                  
