     1                                  ; naskfunc
     2                                  ; TAB=4
     3                                  
     4                                  BITS	32
     5                                  
     6                                  	GLOBAL	_io_hlt, _write_mem8
     7                                  	GLOBAL _io_cli, _io_sti, _io_stihlt
     8                                  	GLOBAL _io_in8, _io_in16, _io_in32
     9                                  	GLOBAL _io_out8, _io_out16, _io_out32
    10                                  	GLOBAL _io_load_eflags, _io_store_eflags
    11                                  
    12                                  
    13                                  section .bss
    14                                  
    15                                  section .data
    16                                  
    17                                  
    18                                  SECTION .text
    19                                  
    20                                  _write_mem8: ; void write_mem8(int addr, int data);
    21 00000000 8B4C2404                	MOV ECX,[ESP+4]
    22 00000004 8A442408                	MOV	AL,[ESP+8]
    23 00000008 8801                    	MOV	[ECX],AL
    24 0000000A C3                      	RET
    25                                  
    26                                  _io_cli:
    27 0000000B FA                      	CLI
    28 0000000C C3                      	RET
    29                                  
    30                                  _io_sti:
    31 0000000D FB                      	STI
    32 0000000E C3                      	RET
    33                                  
    34                                  _io_stihlt:
    35 0000000F FB                      	STI
    36 00000010 F4                      	HLT
    37 00000011 C3                      	RET
    38                                  
    39                                  _io_in8:
    40 00000012 8B542404                	MOV	EDX,[ESP+4]
    41 00000016 B800000000              	MOV	EAX,0
    42 0000001B EC                      	IN	AL,DX
    43 0000001C C3                      	RET
    44                                  
    45                                  _io_in16:
    46 0000001D 8B542404                	MOV	EDX,[ESP+4]
    47 00000021 B800000000              	MOV	EAX,0
    48 00000026 66ED                    	IN	AX,DX
    49 00000028 C3                      	RET
    50                                  
    51                                  _io_in32:
    52 00000029 8B542404                	MOV	EDX,[ESP+4]
    53 0000002D 89D0                    	MOV	EAX,EDX
    54 0000002F C3                      	RET
    55                                  
    56                                  _io_out8: ; void_io_out8(int port, int data)
    57 00000030 8B542404                	MOV	EDX,[ESP+4]; port 
    58 00000034 8A442408                	MOV	AL,[ESP+8] ; data
    59 00000038 EE                      	OUT	DX,AL
    60 00000039 C3                      	RET
    61                                  
    62                                  _io_out16:
    63 0000003A 8B542404                	MOV	EDX,[ESP+4]
    64 0000003E 8B442408                	MOV	EAX,[ESP+8]
    65 00000042 66EF                    	OUT	DX,AX
    66 00000044 C3                      	RET
    67                                  
    68                                  _io_out32:
    69 00000045 8B542404                	MOV	EDX,[ESP+4]
    70 00000049 8B442408                	MOV	EAX,[ESP+8]
    71 0000004D EF                      	OUT	DX,EAX
    72 0000004E C3                      	RET
    73                                  
    74                                  _io_load_eflags:
    75 0000004F 9C                      	PUSHFD
    76 00000050 58                      	POP EAX
    77 00000051 C3                      	RET
    78                                  
    79                                  _io_store_eflags:
    80 00000052 8B442404                	MOV	EAX,[ESP+4]
    81 00000056 50                      	PUSH	EAX
    82 00000057 9D                      	POPFD
    83 00000058 C3                      	RET
    84                                  
    85                                  _io_hlt:	; void io_hlt(void);
    86 00000059 F4                      	HLT
    87 0000005A C3                      	RET
    88                                  
